  at org.apache.catalina.core.ApplicationFilterChain.internalDoFilter(ApplicationFilterChain.java:243)
  at org.apache.catalina.core.ApplicationFilterChain.doFilter(ApplicationFilterChain.java:210)
  at org.springframework.web.filter.CharacterEncodingFilter.doFilterInternal(CharacterEncodingFilter.java:88)
  at org.springframework.web.filter.OncePerRequestFilter.doFilter(OncePerRequestFilter.java:76)
  at org.springframework.web.filter.DelegatingFilterProxy.invokeDelegate(DelegatingFilterProxy.java:346)
  at org.springframework.web.filter.DelegatingFilterProxy.doFilter(DelegatingFilterProxy.java:259)
  at org.apache.catalina.core.ApplicationFilterChain.internalDoFilter(ApplicationFilterChain.java:243)
  at org.apache.catalina.core.ApplicationFilterChain.doFilter(ApplicationFilterChain.java:210)
  at org.apache.catalina.core.StandardWrapperValve.invoke(StandardWrapperValve.java:222)
  at org.apache.catalina.core.StandardContextValve.invoke(StandardContextValve.java:123)
  at org.apache.catalina.core.StandardHostValve.invoke(StandardHostValve.java:171)
  at org.apache.catalina.valves.ErrorReportValve.invoke(ErrorReportValve.java:99)
  at org.apache.catalina.core.StandardEngineValve.invoke(StandardEngineValve.java:118)
  at org.apache.catalina.connector.CoyoteAdapter.service(CoyoteAdapter.java:408)
  at org.apache.coyote.http11.AbstractHttp11Processor.process(AbstractHttp11Processor.java:1023)
  at org.apache.coyote.AbstractProtocol$AbstractConnectionHandler.process(AbstractProtocol.java:589)
  at org.apache.tomcat.util.net.JIoEndpoint$SocketProcessor.run(JIoEndpoint.java:310)
  at java.util.concurrent.ThreadPoolExecutor.runWorker(ThreadPoolExecutor.java:1145)
  at java.util.concurrent.ThreadPoolExecutor$Worker.run(ThreadPoolExecutor.java:615)
  at java.lang.Thread.run(Thread.java:745)
[/catalogo-servicios].[default] Servlet.service() for servlet [default] in context with path [/catalogo-servicios] threw exception
java.io.FileNotFoundException: /home/daniel/.grails/2.2.4/projects/catalogo-servicios/tomcat/work/Tomcat/localhost/catalogo-servicios/grails-resources/images/logo_INR.gif (No existe el archivo o el directorio)
  at java.io.FileInputStream.open(Native Method)
  at java.io.FileInputStream.<init>(FileInputStream.java:146)
  at org.codehaus.groovy.runtime.ResourceGroovyMethods.newInputStream(ResourceGroovyMethods.java:1811)
  at org.codehaus.groovy.runtime.dgm$795.invoke(Unknown Source)
  at org.codehaus.groovy.runtime.callsite.PojoMetaMethodSite$PojoMetaMethodSiteNoUnwrapNoCoerce.invoke(PojoMetaMethodSite.java:271)
  at org.codehaus.groovy.runtime.callsite.PojoMetaMethodSite.call(PojoMetaMethodSite.java:53)
  at org.codehaus.groovy.runtime.callsite.AbstractCallSite.call(AbstractCallSite.java:112)
  at org.grails.plugin.resource.ResourceMeta.newInputStream(ResourceMeta.groovy:209)
  at org.grails.plugin.resource.ResourceMeta$newInputStream.call(Unknown Source)
  at org.grails.plugin.resource.ResourceProcessor.processModernResource(ResourceProcessor.groovy:292)
  at org.grails.plugin.resource.ResourceProcessor$processModernResource$0.call(Unknown Source)
  at org.grails.plugin.resource.ProcessingFilter.doFilter(ProcessingFilter.groovy:39)
  at org.apache.catalina.core.ApplicationFilterChain.internalDoFilter(ApplicationFilterChain.java:243)
  at org.apache.catalina.core.ApplicationFilterChain.doFilter(ApplicationFilterChain.java:210)
  at org.springframework.web.filter.CharacterEncodingFilter.doFilterInternal(CharacterEncodingFilter.java:88)
  at org.springframework.web.filter.OncePerRequestFilter.doFilter(OncePerRequestFilter.java:76)
  at org.springframework.web.filter.DelegatingFilterProxy.invokeDelegate(DelegatingFilterProxy.java:346)
  at org.springframework.web.filter.DelegatingFilterProxy.doFilter(DelegatingFilterProxy.java:259)
  at org.apache.catalina.core.ApplicationFilterChain.internalDoFilter(ApplicationFilterChain.java:243)
  at org.apache.catalina.core.ApplicationFilterChain.doFilter(ApplicationFilterChain.java:210)
  at org.apache.catalina.core.StandardWrapperValve.invoke(StandardWrapperValve.java:222)
  at org.apache.catalina.core.StandardContextValve.invoke(StandardContextValve.java:123)
  at org.apache.catalina.core.StandardHostValve.invoke(StandardHostValve.java:171)
  at org.apache.catalina.valves.ErrorReportValve.invoke(ErrorReportValve.java:99)
  at org.apache.catalina.core.StandardEngineValve.invoke(StandardEngineValve.java:118)
  at org.apache.catalina.connector.CoyoteAdapter.service(CoyoteAdapter.java:408)
  at org.apache.coyote.http11.AbstractHttp11Processor.process(AbstractHttp11Processor.java:1023)
  at org.apache.coyote.AbstractProtocol$AbstractConnectionHandler.process(AbstractProtocol.java:589)
  at org.apache.tomcat.util.net.JIoEndpoint$SocketProcessor.run(JIoEndpoint.java:310)
  at java.util.concurrent.ThreadPoolExecutor.runWorker(ThreadPoolExecutor.java:1145)
  at java.util.concurrent.ThreadPoolExecutor$Worker.run(ThreadPoolExecutor.java:615)
  at java.lang.Thread.run(Thread.java:745)
[/catalogo-servicios].[default] Servlet.service() for servlet [default] in context with path [/catalogo-servicios] threw exception
java.io.FileNotFoundException: /home/daniel/.grails/2.2.4/projects/catalogo-servicios/tomcat/work/Tomcat/localhost/catalogo-servicios/grails-resources/css/main.css (No existe el archivo o el directorio)
  at java.io.FileInputStream.open(Native Method)
  at java.io.FileInputStream.<init>(FileInputStream.java:146)
  at org.codehaus.groovy.runtime.ResourceGroovyMethods.newInputStream(ResourceGroovyMethods.java:1811)
  at org.codehaus.groovy.runtime.dgm$795.invoke(Unknown Source)
  at org.codehaus.groovy.runtime.callsite.PojoMetaMethodSite$PojoMetaMethodSiteNoUnwrapNoCoerce.invoke(PojoMetaMethodSite.java:271)
  at org.codehaus.groovy.runtime.callsite.PojoMetaMethodSite.call(PojoMetaMethodSite.java:53)
  at org.codehaus.groovy.runtime.callsite.AbstractCallSite.call(AbstractCallSite.java:112)
  at org.grails.plugin.resource.ResourceMeta.newInputStream(ResourceMeta.groovy:209)
  at org.grails.plugin.resource.ResourceMeta$newInputStream.call(Unknown Source)
  at org.grails.plugin.resource.ResourceProcessor.processModernResource(ResourceProcessor.groovy:292)
  at org.grails.plugin.resource.ResourceProcessor$processModernResource$0.call(Unknown Source)
  at org.grails.plugin.resource.ProcessingFilter.doFilter(ProcessingFilter.groovy:39)
  at org.apache.catalina.core.ApplicationFilterChain.internalDoFilter(ApplicationFilterChain.java:243)
  at org.apache.catalina.core.ApplicationFilterChain.doFilter(ApplicationFilterChain.java:210)
  at org.springframework.web.filter.CharacterEncodingFilter.doFilterInternal(CharacterEncodingFilter.java:88)
  at org.springframework.web.filter.OncePerRequestFilter.doFilter(OncePerRequestFilter.java:76)
  at org.springframework.web.filter.DelegatingFilterProxy.invokeDelegate(DelegatingFilterProxy.java:346)
  at org.springframework.web.filter.DelegatingFilterProxy.doFilter(DelegatingFilterProxy.java:259)
  at org.apache.catalina.core.ApplicationFilterChain.internalDoFilter(ApplicationFilterChain.java:243)
  at org.apache.catalina.core.ApplicationFilterChain.doFilter(ApplicationFilterChain.java:210)
  at org.apache.catalina.core.StandardWrapperValve.invoke(StandardWrapperValve.java:222)
  at org.apache.catalina.core.StandardContextValve.invoke(StandardContextValve.java:123)
  at org.apache.catalina.core.StandardHostValve.invoke(StandardHostValve.java:171)
  at org.apache.catalina.valves.ErrorReportValve.invoke(ErrorReportValve.java:99)
  at org.apache.catalina.core.StandardEngineValve.invoke(StandardEngineValve.java:118)
  at org.apache.catalina.connector.CoyoteAdapter.service(CoyoteAdapter.java:408)
  at org.apache.coyote.http11.AbstractHttp11Processor.process(AbstractHttp11Processor.java:1023)
  at org.apache.coyote.AbstractProtocol$AbstractConnectionHandler.process(AbstractProtocol.java:589)
  at org.apache.tomcat.util.net.JIoEndpoint$SocketProcessor.run(JIoEndpoint.java:312)
  at java.util.concurrent.ThreadPoolExecutor.runWorker(ThreadPoolExecutor.java:1145)
  at java.util.concurrent.ThreadPoolExecutor$Worker.run(ThreadPoolExecutor.java:615)
  at java.lang.Thread.run(Thread.java:745)
[/catalogo-servicios].[default] Servlet.service() for servlet [default] in context with path [/catalogo-servicios] threw exception
java.io.FileNotFoundException: /home/daniel/.grails/2.2.4/projects/catalogo-servicios/tomcat/work/Tomcat/localhost/catalogo-servicios/grails-resources/plugins/jquery-ui-1.10.4/jquery-ui/themes/ui-lightness/jquery-ui-1.10.4.custom.css (No existe el archivo o el directorio)
  at java.io.FileInputStream.open(Native Method)
  at java.io.FileInputStream.<init>(FileInputStream.java:146)
  at org.codehaus.groovy.runtime.ResourceGroovyMethods.newInputStream(ResourceGroovyMethods.java:1811)
  at org.codehaus.groovy.runtime.dgm$795.invoke(Unknown Source)
  at org.codehaus.groovy.runtime.callsite.PojoMetaMethodSite$PojoMetaMethodSiteNoUnwrapNoCoerce.invoke(PojoMetaMethodSite.java:271)
  at org.codehaus.groovy.runtime.callsite.PojoMetaMethodSite.call(PojoMetaMethodSite.java:53)
  at org.codehaus.groovy.runtime.callsite.AbstractCallSite.call(AbstractCallSite.java:112)
  at org.grails.plugin.resource.ResourceMeta.newInputStream(ResourceMeta.groovy:209)
  at org.grails.plugin.resource.ResourceMeta$newInputStream.call(Unknown Source)
  at org.grails.plugin.resource.ResourceProcessor.processModernResource(ResourceProcessor.groovy:292)
  at org.grails.plugin.resource.ResourceProcessor$processModernResource$0.call(Unknown Source)
  at org.grails.plugin.resource.ProcessingFilter.doFilter(ProcessingFilter.groovy:39)
  at org.apache.catalina.core.ApplicationFilterChain.internalDoFilter(ApplicationFilterChain.java:243)
  at org.apache.catalina.core.ApplicationFilterChain.doFilter(ApplicationFilterChain.java:210)
  at org.springframework.web.filter.CharacterEncodingFilter.doFilterInternal(CharacterEncodingFilter.java:88)
  at org.springframework.web.filter.OncePerRequestFilter.doFilter(OncePerRequestFilter.java:76)
  at org.springframework.web.filter.DelegatingFilterProxy.invokeDelegate(DelegatingFilterProxy.java:346)
  at org.springframework.web.filter.DelegatingFilterProxy.doFilter(DelegatingFilterProxy.java:259)
  at org.apache.catalina.core.ApplicationFilterChain.internalDoFilter(ApplicationFilterChain.java:243)
  at org.apache.catalina.core.ApplicationFilterChain.doFilter(ApplicationFilterChain.java:210)
  at org.apache.catalina.core.StandardWrapperValve.invoke(StandardWrapperValve.java:222)
  at org.apache.catalina.core.StandardContextValve.invoke(StandardContextValve.java:123)
  at org.apache.catalina.core.StandardHostValve.invoke(StandardHostValve.java:171)
  at org.apache.catalina.valves.ErrorReportValve.invoke(ErrorReportValve.java:99)
  at org.apache.catalina.core.StandardEngineValve.invoke(StandardEngineValve.java:118)
  at org.apache.catalina.connector.CoyoteAdapter.service(CoyoteAdapter.java:408)
  at org.apache.coyote.http11.AbstractHttp11Processor.process(AbstractHttp11Processor.java:1023)
  at org.apache.coyote.AbstractProtocol$AbstractConnectionHandler.process(AbstractProtocol.java:589)
  at org.apache.tomcat.util.net.JIoEndpoint$SocketProcessor.run(JIoEndpoint.java:310)
  at java.util.concurrent.ThreadPoolExecutor.runWorker(ThreadPoolExecutor.java:1145)
  at java.util.concurrent.ThreadPoolExecutor$Worker.run(ThreadPoolExecutor.java:615)
  at java.lang.Thread.run(Thread.java:745)
[/catalogo-servicios].[default] Servlet.service() for servlet [default] in context with path [/catalogo-servicios] threw exception
java.io.FileNotFoundException: /home/daniel/.grails/2.2.4/projects/catalogo-servicios/tomcat/work/Tomcat/localhost/catalogo-servicios/grails-resources/plugins/jquery-1.10.2/js/jquery/jquery-1.10.2.min.js (No existe el archivo o el directorio)
  at java.io.FileInputStream.open(Native Method)
  at java.io.FileInputStream.<init>(FileInputStream.java:146)
  at org.codehaus.groovy.runtime.ResourceGroovyMethods.newInputStream(ResourceGroovyMethods.java:1811)
  at org.codehaus.groovy.runtime.dgm$795.invoke(Unknown Source)
  at org.codehaus.groovy.runtime.callsite.PojoMetaMethodSite$PojoMetaMethodSiteNoUnwrapNoCoerce.invoke(PojoMetaMethodSite.java:271)
  at org.codehaus.groovy.runtime.callsite.PojoMetaMethodSite.call(PojoMetaMethodSite.java:53)
  at org.codehaus.groovy.runtime.callsite.AbstractCallSite.call(AbstractCallSite.java:112)
  at org.grails.plugin.resource.ResourceMeta.newInputStream(ResourceMeta.groovy:209)
  at org.grails.plugin.resource.ResourceMeta$newInputStream.call(Unknown Source)
  at org.grails.plugin.resource.ResourceProcessor.processModernResource(ResourceProcessor.groovy:292)
  at org.grails.plugin.resource.ResourceProcessor$processModernResource$0.call(Unknown Source)
  at org.grails.plugin.resource.ProcessingFilter.doFilter(ProcessingFilter.groovy:39)
  at org.apache.catalina.core.ApplicationFilterChain.internalDoFilter(ApplicationFilterChain.java:243)
  at org.apache.catalina.core.ApplicationFilterChain.doFilter(ApplicationFilterChain.java:210)
  at org.springframework.web.filter.CharacterEncodingFilter.doFilterInternal(CharacterEncodingFilter.java:88)
  at org.springframework.web.filter.OncePerRequestFilter.doFilter(OncePerRequestFilter.java:76)
  at org.springframework.web.filter.DelegatingFilterProxy.invokeDelegate(DelegatingFilterProxy.java:346)
  at org.springframework.web.filter.DelegatingFilterProxy.doFilter(DelegatingFilterProxy.java:259)
  at org.apache.catalina.core.ApplicationFilterChain.internalDoFilter(ApplicationFilterChain.java:243)
  at org.apache.catalina.core.ApplicationFilterChain.doFilter(ApplicationFilterChain.java:210)
  at org.apache.catalina.core.StandardWrapperValve.invoke(StandardWrapperValve.java:222)
  at org.apache.catalina.core.StandardContextValve.invoke(StandardContextValve.java:123)
  at org.apache.catalina.core.StandardHostValve.invoke(StandardHostValve.java:171)
  at org.apache.catalina.valves.ErrorReportValve.invoke(ErrorReportValve.java:99)
  at org.apache.catalina.core.StandardEngineValve.invoke(StandardEngineValve.java:118)
  at org.apache.catalina.connector.CoyoteAdapter.service(CoyoteAdapter.java:408)
  at org.apache.coyote.http11.AbstractHttp11Processor.process(AbstractHttp11Processor.java:1023)
  at org.apache.coyote.AbstractProtocol$AbstractConnectionHandler.process(AbstractProtocol.java:589)
  at org.apache.tomcat.util.net.JIoEndpoint$SocketProcessor.run(JIoEndpoint.java:310)
  at java.util.concurrent.ThreadPoolExecutor.runWorker(ThreadPoolExecutor.java:1145)
  at java.util.concurrent.ThreadPoolExecutor$Worker.run(ThreadPoolExecutor.java:615)
  at java.lang.Thread.run(Thread.java:745)
[/catalogo-servicios].[default] Servlet.service() for servlet [default] in context with path [/catalogo-servicios] threw exception
java.io.FileNotFoundException: /home/daniel/.grails/2.2.4/projects/catalogo-servicios/tomcat/work/Tomcat/localhost/catalogo-servicios/grails-resources/css/mobile.css (No existe el archivo o el directorio)
  at java.io.FileInputStream.open(Native Method)
  at java.io.FileInputStream.<init>(FileInputStream.java:146)
  at org.codehaus.groovy.runtime.ResourceGroovyMethods.newInputStream(ResourceGroovyMethods.java:1811)
  at org.codehaus.groovy.runtime.dgm$795.invoke(Unknown Source)
  at org.codehaus.groovy.runtime.callsite.PojoMetaMethodSite$PojoMetaMethodSiteNoUnwrapNoCoerce.invoke(PojoMetaMethodSite.java:271)
  at org.codehaus.groovy.runtime.callsite.PojoMetaMethodSite.call(PojoMetaMethodSite.java:53)
  at org.codehaus.groovy.runtime.callsite.AbstractCallSite.call(AbstractCallSite.java:112)
  at org.grails.plugin.resource.ResourceMeta.newInputStream(ResourceMeta.groovy:209)
  at org.grails.plugin.resource.ResourceMeta$newInputStream.call(Unknown Source)
  at org.codehaus.groovy.runtime.callsite.CallSiteArray.defaultCall(CallSiteArray.java:45)
  at org.grails.plugin.resource.ResourceMeta$newInputStream.call(Unknown Source)
  at org.grails.plugin.resource.ResourceProcessor.processModernResource(ResourceProcessor.groovy:292)
  at org.grails.plugin.resource.ResourceProcessor$processModernResource$0.call(Unknown Source)
  at org.grails.plugin.resource.ProcessingFilter.doFilter(ProcessingFilter.groovy:39)
  at org.apache.catalina.core.ApplicationFilterChain.internalDoFilter(ApplicationFilterChain.java:243)
  at org.apache.catalina.core.ApplicationFilterChain.doFilter(ApplicationFilterChain.java:210)
  at org.springframework.web.filter.CharacterEncodingFilter.doFilterInternal(CharacterEncodingFilter.java:88)
  at org.springframework.web.filter.OncePerRequestFilter.doFilter(OncePerRequestFilter.java:76)
  at org.springframework.web.filter.DelegatingFilterProxy.invokeDelegate(DelegatingFilterProxy.java:346)
  at org.springframework.web.filter.DelegatingFilterProxy.doFilter(DelegatingFilterProxy.java:259)
  at org.apache.catalina.core.ApplicationFilterChain.internalDoFilter(ApplicationFilterChain.java:243)
  at org.apache.catalina.core.ApplicationFilterChain.doFilter(ApplicationFilterChain.java:210)
  at org.apache.catalina.core.StandardWrapperValve.invoke(StandardWrapperValve.java:222)
  at org.apache.catalina.core.StandardContextValve.invoke(StandardContextValve.java:123)
  at org.apache.catalina.core.StandardHostValve.invoke(StandardHostValve.java:171)
  at org.apache.catalina.valves.ErrorReportValve.invoke(ErrorReportValve.java:99)
  at org.apache.catalina.core.StandardEngineValve.invoke(StandardEngineValve.java:118)
  at org.apache.catalina.connector.CoyoteAdapter.service(CoyoteAdapter.java:408)
  at org.apache.coyote.http11.AbstractHttp11Processor.process(AbstractHttp11Processor.java:1023)
  at org.apache.coyote.AbstractProtocol$AbstractConnectionHandler.process(AbstractProtocol.java:589)
  at org.apache.tomcat.util.net.JIoEndpoint$SocketProcessor.run(JIoEndpoint.java:310)
  at java.util.concurrent.ThreadPoolExecutor.runWorker(ThreadPoolExecutor.java:1145)
  at java.util.concurrent.ThreadPoolExecutor$Worker.run(ThreadPoolExecutor.java:615)
  at java.lang.Thread.run(Thread.java:745)
[/catalogo-servicios].[default] Servlet.service() for servlet [default] in context with path [/catalogo-servicios] threw exception
java.io.FileNotFoundException: /home/daniel/.grails/2.2.4/projects/catalogo-servicios/tomcat/work/Tomcat/localhost/catalogo-servicios/grails-resources/bundle-bundle_bootstrap_head.css (No existe el archivo o el directorio)
  at java.io.FileInputStream.open(Native Method)
  at java.io.FileInputStream.<init>(FileInputStream.java:146)
  at org.codehaus.groovy.runtime.ResourceGroovyMethods.newInputStream(ResourceGroovyMethods.java:1811)
  at org.codehaus.groovy.runtime.dgm$795.invoke(Unknown Source)
  at org.codehaus.groovy.runtime.callsite.PojoMetaMethodSite$PojoMetaMethodSiteNoUnwrapNoCoerce.invoke(PojoMetaMethodSite.java:271)
  at org.codehaus.groovy.runtime.callsite.PojoMetaMethodSite.call(PojoMetaMethodSite.java:53)
  at org.codehaus.groovy.runtime.callsite.AbstractCallSite.call(AbstractCallSite.java:112)
  at org.grails.plugin.resource.ResourceMeta.newInputStream(ResourceMeta.groovy:209)
  at org.grails.plugin.resource.AggregatedResourceMeta.newInputStream(AggregatedResourceMeta.groovy)
  at org.grails.plugin.resource.CSSBundleResourceMeta.newInputStream(CSSBundleResourceMeta.groovy)
  at org.grails.plugin.resource.ResourceMeta$newInputStream.call(Unknown Source)
  at org.codehaus.groovy.runtime.callsite.CallSiteArray.defaultCall(CallSiteArray.java:45)
  at org.grails.plugin.resource.ResourceMeta$newInputStream.call(Unknown Source)
  at org.grails.plugin.resource.ResourceProcessor.processModernResource(ResourceProcessor.groovy:292)
  at org.grails.plugin.resource.ResourceProcessor$processModernResource$0.call(Unknown Source)
  at org.grails.plugin.resource.ProcessingFilter.doFilter(ProcessingFilter.groovy:39)
  at org.apache.catalina.core.ApplicationFilterChain.internalDoFilter(ApplicationFilterChain.java:243)
  at org.apache.catalina.core.ApplicationFilterChain.doFilter(ApplicationFilterChain.java:210)
  at org.springframework.web.filter.CharacterEncodingFilter.doFilterInternal(CharacterEncodingFilter.java:88)
  at org.springframework.web.filter.OncePerRequestFilter.doFilter(OncePerRequestFilter.java:76)
  at org.springframework.web.filter.DelegatingFilterProxy.invokeDelegate(DelegatingFilterProxy.java:346)
  at org.springframework.web.filter.DelegatingFilterProxy.doFilter(DelegatingFilterProxy.java:259)
  at org.apache.catalina.core.ApplicationFilterChain.internalDoFilter(ApplicationFilterChain.java:243)
  at org.apache.catalina.core.ApplicationFilterChain.doFilter(ApplicationFilterChain.java:210)
  at org.apache.catalina.core.StandardWrapperValve.invoke(StandardWrapperValve.java:222)
  at org.apache.catalina.core.StandardContextValve.invoke(StandardContextValve.java:123)
  at org.apache.catalina.core.StandardHostValve.invoke(StandardHostValve.java:171)
  at org.apache.catalina.valves.ErrorReportValve.invoke(ErrorReportValve.java:99)
  at org.apache.catalina.core.StandardEngineValve.invoke(StandardEngineValve.java:118)
  at org.apache.catalina.connector.CoyoteAdapter.service(CoyoteAdapter.java:408)
  at org.apache.coyote.http11.AbstractHttp11Processor.process(AbstractHttp11Processor.java:1023)
  at org.apache.coyote.AbstractProtocol$AbstractConnectionHandler.process(AbstractProtocol.java:589)
  at org.apache.tomcat.util.net.JIoEndpoint$SocketProcessor.run(JIoEndpoint.java:310)
  at java.util.concurrent.ThreadPoolExecutor.runWorker(ThreadPoolExecutor.java:1145)
  at java.util.concurrent.ThreadPoolExecutor$Worker.run(ThreadPoolExecutor.java:615)
  at java.lang.Thread.run(Thread.java:745)
[/catalogo-servicios].[default] Servlet.service() for servlet [default] in context with path [/catalogo-servicios] threw exception
java.io.FileNotFoundException: /home/daniel/.grails/2.2.4/projects/catalogo-servicios/tomcat/work/Tomcat/localhost/catalogo-servicios/grails-resources/plugins/jquery-ui-1.10.4/jquery-ui/js/jquery-ui-1.10.4.custom.min.js (No existe el archivo o el directorio)
  at java.io.FileInputStream.open(Native Method)
  at java.io.FileInputStream.<init>(FileInputStream.java:146)
  at org.codehaus.groovy.runtime.ResourceGroovyMethods.newInputStream(ResourceGroovyMethods.java:1811)
  at org.codehaus.groovy.runtime.dgm$795.invoke(Unknown Source)
  at org.codehaus.groovy.runtime.callsite.PojoMetaMethodSite$PojoMetaMethodSiteNoUnwrapNoCoerce.invoke(PojoMetaMethodSite.java:271)
  at org.codehaus.groovy.runtime.callsite.PojoMetaMethodSite.call(PojoMetaMethodSite.java:53)
  at org.codehaus.groovy.runtime.callsite.AbstractCallSite.call(AbstractCallSite.java:112)
  at org.grails.plugin.resource.ResourceMeta.newInputStream(ResourceMeta.groovy:209)
  at org.grails.plugin.resource.ResourceMeta$newInputStream.call(Unknown Source)
  at org.grails.plugin.resource.ResourceProcessor.processModernResource(ResourceProcessor.groovy:292)
  at org.grails.plugin.resource.ResourceProcessor$processModernResource$0.call(Unknown Source)
  at org.grails.plugin.resource.ProcessingFilter.doFilter(ProcessingFilter.groovy:39)
  at org.apache.catalina.core.ApplicationFilterChain.internalDoFilter(ApplicationFilterChain.java:243)
  at org.apache.catalina.core.ApplicationFilterChain.doFilter(ApplicationFilterChain.java:210)
  at org.springframework.web.filter.CharacterEncodingFilter.doFilterInternal(CharacterEncodingFilter.java:88)
  at org.springframework.web.filter.OncePerRequestFilter.doFilter(OncePerRequestFilter.java:76)
  at org.springframework.web.filter.DelegatingFilterProxy.invokeDelegate(DelegatingFilterProxy.java:346)
  at org.springframework.web.filter.DelegatingFilterProxy.doFilter(DelegatingFilterProxy.java:259)
  at org.apache.catalina.core.ApplicationFilterChain.internalDoFilter(ApplicationFilterChain.java:243)
  at org.apache.catalina.core.ApplicationFilterChain.doFilter(ApplicationFilterChain.java:210)
  at org.apache.catalina.core.StandardWrapperValve.invoke(StandardWrapperValve.java:222)
  at org.apache.catalina.core.StandardContextValve.invoke(StandardContextValve.java:123)
  at org.apache.catalina.core.StandardHostValve.invoke(StandardHostValve.java:171)
  at org.apache.catalina.valves.ErrorReportValve.invoke(ErrorReportValve.java:99)
  at org.apache.catalina.core.StandardEngineValve.invoke(StandardEngineValve.java:118)
  at org.apache.catalina.connector.CoyoteAdapter.service(CoyoteAdapter.java:408)
  at org.apache.coyote.http11.AbstractHttp11Processor.process(AbstractHttp11Processor.java:1023)
  at org.apache.coyote.AbstractProtocol$AbstractConnectionHandler.process(AbstractProtocol.java:589)
  at org.apache.tomcat.util.net.JIoEndpoint$SocketProcessor.run(JIoEndpoint.java:310)
  at java.util.concurrent.ThreadPoolExecutor.runWorker(ThreadPoolExecutor.java:1145)
  at java.util.concurrent.ThreadPoolExecutor$Worker.run(ThreadPoolExecutor.java:615)
  at java.lang.Thread.run(Thread.java:745)
[/catalogo-servicios].[default] Servlet.service() for servlet [default] in context with path [/catalogo-servicios] threw exception
java.io.FileNotFoundException: /home/daniel/.grails/2.2.4/projects/catalogo-servicios/tomcat/work/Tomcat/localhost/catalogo-servicios/grails-resources/bundle-bundle_growler_head.css (No existe el archivo o el directorio)
  at java.io.FileInputStream.open(Native Method)
  at java.io.FileInputStream.<init>(FileInputStream.java:146)
  at org.codehaus.groovy.runtime.ResourceGroovyMethods.newInputStream(ResourceGroovyMethods.java:1811)
  at org.codehaus.groovy.runtime.dgm$795.invoke(Unknown Source)
  at org.codehaus.groovy.runtime.callsite.PojoMetaMethodSite$PojoMetaMethodSiteNoUnwrapNoCoerce.invoke(PojoMetaMethodSite.java:271)
  at org.codehaus.groovy.runtime.callsite.PojoMetaMethodSite.call(PojoMetaMethodSite.java:53)
  at org.codehaus.groovy.runtime.callsite.AbstractCallSite.call(AbstractCallSite.java:112)
  at org.grails.plugin.resource.ResourceMeta.newInputStream(ResourceMeta.groovy:209)
  at org.grails.plugin.resource.AggregatedResourceMeta.newInputStream(AggregatedResourceMeta.groovy)
  at org.grails.plugin.resource.CSSBundleResourceMeta.newInputStream(CSSBundleResourceMeta.groovy)
  at org.grails.plugin.resource.ResourceMeta$newInputStream.call(Unknown Source)
  at org.codehaus.groovy.runtime.callsite.CallSiteArray.defaultCall(CallSiteArray.java:45)
  at org.grails.plugin.resource.ResourceMeta$newInputStream.call(Unknown Source)
  at org.grails.plugin.resource.ResourceProcessor.processModernResource(ResourceProcessor.groovy:292)
  at org.grails.plugin.resource.ResourceProcessor$processModernResource$0.call(Unknown Source)
  at org.grails.plugin.resource.ProcessingFilter.doFilter(ProcessingFilter.groovy:39)
  at org.apache.catalina.core.ApplicationFilterChain.internalDoFilter(ApplicationFilterChain.java:243)
  at org.apache.catalina.core.ApplicationFilterChain.doFilter(ApplicationFilterChain.java:210)
  at org.springframework.web.filter.CharacterEncodingFilter.doFilterInternal(CharacterEncodingFilter.java:88)
  at org.springframework.web.filter.OncePerRequestFilter.doFilter(OncePerRequestFilter.java:76)
  at org.springframework.web.filter.DelegatingFilterProxy.invokeDelegate(DelegatingFilterProxy.java:346)
  at org.springframework.web.filter.DelegatingFilterProxy.doFilter(DelegatingFilterProxy.java:259)
  at org.apache.catalina.core.ApplicationFilterChain.internalDoFilter(ApplicationFilterChain.java:243)
  at org.apache.catalina.core.ApplicationFilterChain.doFilter(ApplicationFilterChain.java:210)
  at org.apache.catalina.core.StandardWrapperValve.invoke(StandardWrapperValve.java:222)
  at org.apache.catalina.core.StandardContextValve.invoke(StandardContextValve.java:123)
  at org.apache.catalina.core.StandardHostValve.invoke(StandardHostValve.java:171)
  at org.apache.catalina.valves.ErrorReportValve.invoke(ErrorReportValve.java:99)
  at org.apache.catalina.core.StandardEngineValve.invoke(StandardEngineValve.java:118)
  at org.apache.catalina.connector.CoyoteAdapter.service(CoyoteAdapter.java:408)
  at org.apache.coyote.http11.AbstractHttp11Processor.process(AbstractHttp11Processor.java:1023)
  at org.apache.coyote.AbstractProtocol$AbstractConnectionHandler.process(AbstractProtocol.java:589)
  at org.apache.tomcat.util.net.JIoEndpoint$SocketProcessor.run(JIoEndpoint.java:310)
  at java.util.concurrent.ThreadPoolExecutor.runWorker(ThreadPoolExecutor.java:1145)
  at java.util.concurrent.ThreadPoolExecutor$Worker.run(ThreadPoolExecutor.java:615)
  at java.lang.Thread.run(Thread.java:745)
[/catalogo-servicios].[default] Servlet.service() for servlet [default] in context with path [/catalogo-servicios] threw exception
java.io.FileNotFoundException: /home/daniel/.grails/2.2.4/projects/catalogo-servicios/tomcat/work/Tomcat/localhost/catalogo-servicios/grails-resources/bundle-bundle_bootstrap_defer.js (No existe el archivo o el directorio)
  at java.io.FileInputStream.open(Native Method)
  at java.io.FileInputStream.<init>(FileInputStream.java:146)
  at org.codehaus.groovy.runtime.ResourceGroovyMethods.newInputStream(ResourceGroovyMethods.java:1811)
  at org.codehaus.groovy.runtime.dgm$795.invoke(Unknown Source)
  at org.codehaus.groovy.runtime.callsite.PojoMetaMethodSite$PojoMetaMethodSiteNoUnwrapNoCoerce.invoke(PojoMetaMethodSite.java:271)
  at org.codehaus.groovy.runtime.callsite.PojoMetaMethodSite.call(PojoMetaMethodSite.java:53)
  at org.codehaus.groovy.runtime.callsite.AbstractCallSite.call(AbstractCallSite.java:112)
  at org.grails.plugin.resource.ResourceMeta.newInputStream(ResourceMeta.groovy:209)
  at org.grails.plugin.resource.AggregatedResourceMeta.newInputStream(AggregatedResourceMeta.groovy)
  at org.grails.plugin.resource.JavaScriptBundleResourceMeta.newInputStream(JavaScriptBundleResourceMeta.groovy)
  at org.grails.plugin.resource.ResourceMeta$newInputStream.call(Unknown Source)
  at org.codehaus.groovy.runtime.callsite.CallSiteArray.defaultCall(CallSiteArray.java:45)
  at org.grails.plugin.resource.ResourceMeta$newInputStream.call(Unknown Source)
  at org.grails.plugin.resource.ResourceProcessor.processModernResource(ResourceProcessor.groovy:292)
  at org.grails.plugin.resource.ResourceProcessor$processModernResource$0.call(Unknown Source)
  at org.grails.plugin.resource.ProcessingFilter.doFilter(ProcessingFilter.groovy:39)
  at org.apache.catalina.core.ApplicationFilterChain.internalDoFilter(ApplicationFilterChain.java:243)
  at org.apache.catalina.core.ApplicationFilterChain.doFilter(ApplicationFilterChain.java:210)
  at org.springframework.web.filter.CharacterEncodingFilter.doFilterInternal(CharacterEncodingFilter.java:88)
  at org.springframework.web.filter.OncePerRequestFilter.doFilter(OncePerRequestFilter.java:76)
  at org.springframework.web.filter.DelegatingFilterProxy.invokeDelegate(DelegatingFilterProxy.java:346)
  at org.springframework.web.filter.DelegatingFilterProxy.doFilter(DelegatingFilterProxy.java:259)
  at org.apache.catalina.core.ApplicationFilterChain.internalDoFilter(ApplicationFilterChain.java:243)
  at org.apache.catalina.core.ApplicationFilterChain.doFilter(ApplicationFilterChain.java:210)
  at org.apache.catalina.core.StandardWrapperValve.invoke(StandardWrapperValve.java:222)
  at org.apache.catalina.core.StandardContextValve.invoke(StandardContextValve.java:123)
  at org.apache.catalina.core.StandardHostValve.invoke(StandardHostValve.java:171)
  at org.apache.catalina.valves.ErrorReportValve.invoke(ErrorReportValve.java:99)
  at org.apache.catalina.core.StandardEngineValve.invoke(StandardEngineValve.java:118)
  at org.apache.catalina.connector.CoyoteAdapter.service(CoyoteAdapter.java:408)
  at org.apache.coyote.http11.AbstractHttp11Processor.process(AbstractHttp11Processor.java:1023)
  at org.apache.coyote.AbstractProtocol$AbstractConnectionHandler.process(AbstractProtocol.java:589)
  at org.apache.tomcat.util.net.JIoEndpoint$SocketProcessor.run(JIoEndpoint.java:310)
  at java.util.concurrent.ThreadPoolExecutor.runWorker(ThreadPoolExecutor.java:1145)
  at java.util.concurrent.ThreadPoolExecutor$Worker.run(ThreadPoolExecutor.java:615)
  at java.lang.Thread.run(Thread.java:745)
[/catalogo-servicios].[default] Servlet.service() for servlet [default] in context with path [/catalogo-servicios] threw exception
java.io.FileNotFoundException: /home/daniel/.grails/2.2.4/projects/catalogo-servicios/tomcat/work/Tomcat/localhost/catalogo-servicios/grails-resources/js/application.js (No existe el archivo o el directorio)
  at java.io.FileInputStream.open(Native Method)
  at java.io.FileInputStream.<init>(FileInputStream.java:146)
  at org.codehaus.groovy.runtime.ResourceGroovyMethods.newInputStream(ResourceGroovyMethods.java:1811)
  at org.codehaus.groovy.runtime.dgm$795.invoke(Unknown Source)
  at org.codehaus.groovy.runtime.callsite.PojoMetaMethodSite$PojoMetaMethodSiteNoUnwrapNoCoerce.invoke(PojoMetaMethodSite.java:271)
  at org.codehaus.groovy.runtime.callsite.PojoMetaMethodSite.call(PojoMetaMethodSite.java:53)
  at org.codehaus.groovy.runtime.callsite.AbstractCallSite.call(AbstractCallSite.java:112)
  at org.grails.plugin.resource.ResourceMeta.newInputStream(ResourceMeta.groovy:209)
  at org.grails.plugin.resource.ResourceMeta$newInputStream.call(Unknown Source)
  at org.codehaus.groovy.runtime.callsite.CallSiteArray.defaultCall(CallSiteArray.java:45)
  at org.grails.plugin.resource.ResourceMeta$newInputStream.call(Unknown Source)
  at org.grails.plugin.resource.ResourceProcessor.processModernResource(ResourceProcessor.groovy:292)
  at org.grails.plugin.resource.ResourceProcessor$processModernResource$0.call(Unknown Source)
  at org.grails.plugin.resource.ProcessingFilter.doFilter(ProcessingFilter.groovy:39)
  at org.apache.catalina.core.ApplicationFilterChain.internalDoFilter(ApplicationFilterChain.java:243)
  at org.apache.catalina.core.ApplicationFilterChain.doFilter(ApplicationFilterChain.java:210)
  at org.springframework.web.filter.CharacterEncodingFilter.doFilterInternal(CharacterEncodingFilter.java:88)
  at org.springframework.web.filter.OncePerRequestFilter.doFilter(OncePerRequestFilter.java:76)
  at org.springframework.web.filter.DelegatingFilterProxy.invokeDelegate(DelegatingFilterProxy.java:346)
  at org.springframework.web.filter.DelegatingFilterProxy.doFilter(DelegatingFilterProxy.java:259)
  at org.apache.catalina.core.ApplicationFilterChain.internalDoFilter(ApplicationFilterChain.java:243)
  at org.apache.catalina.core.ApplicationFilterChain.doFilter(ApplicationFilterChain.java:210)
  at org.apache.catalina.core.StandardWrapperValve.invoke(StandardWrapperValve.java:222)
  at org.apache.catalina.core.StandardContextValve.invoke(StandardContextValve.java:123)
  at org.apache.catalina.core.StandardHostValve.invoke(StandardHostValve.java:171)
  at org.apache.catalina.valves.ErrorReportValve.invoke(ErrorReportValve.java:99)
  at org.apache.catalina.core.StandardEngineValve.invoke(StandardEngineValve.java:118)
  at org.apache.catalina.connector.CoyoteAdapter.service(CoyoteAdapter.java:408)
  at org.apache.coyote.http11.AbstractHttp11Processor.process(AbstractHttp11Processor.java:1023)
  at org.apache.coyote.AbstractProtocol$AbstractConnectionHandler.process(AbstractProtocol.java:589)
  at org.apache.tomcat.util.net.JIoEndpoint$SocketProcessor.run(JIoEndpoint.java:310)
  at java.util.concurrent.ThreadPoolExecutor.runWorker(ThreadPoolExecutor.java:1145)
  at java.util.concurrent.ThreadPoolExecutor$Worker.run(ThreadPoolExecutor.java:615)
  at java.lang.Thread.run(Thread.java:745)
[/catalogo-servicios].[default] Servlet.service() for servlet [default] in context with path [/catalogo-servicios] threw exception
java.io.FileNotFoundException: /home/daniel/.grails/2.2.4/projects/catalogo-servicios/tomcat/work/Tomcat/localhost/catalogo-servicios/grails-resources/bundle-bundle_growler_head.js (No existe el archivo o el directorio)
  at java.io.FileInputStream.open(Native Method)
  at java.io.FileInputStream.<init>(FileInputStream.java:146)
  at org.codehaus.groovy.runtime.ResourceGroovyMethods.newInputStream(ResourceGroovyMethods.java:1811)
  at org.codehaus.groovy.runtime.dgm$795.invoke(Unknown Source)
  at org.codehaus.groovy.runtime.callsite.PojoMetaMethodSite$PojoMetaMethodSiteNoUnwrapNoCoerce.invoke(PojoMetaMethodSite.java:271)
  at org.codehaus.groovy.runtime.callsite.PojoMetaMethodSite.call(PojoMetaMethodSite.java:53)
  at org.codehaus.groovy.runtime.callsite.AbstractCallSite.call(AbstractCallSite.java:112)
  at org.grails.plugin.resource.ResourceMeta.newInputStream(ResourceMeta.groovy:209)
  at org.grails.plugin.resource.AggregatedResourceMeta.newInputStream(AggregatedResourceMeta.groovy)
  at org.grails.plugin.resource.JavaScriptBundleResourceMeta.newInputStream(JavaScriptBundleResourceMeta.groovy)
  at org.grails.plugin.resource.ResourceMeta$newInputStream.call(Unknown Source)
  at org.codehaus.groovy.runtime.callsite.CallSiteArray.defaultCall(CallSiteArray.java:45)
  at org.grails.plugin.resource.ResourceMeta$newInputStream.call(Unknown Source)
  at org.grails.plugin.resource.ResourceProcessor.processModernResource(ResourceProcessor.groovy:292)
  at org.grails.plugin.resource.ResourceProcessor$processModernResource$0.call(Unknown Source)
  at org.grails.plugin.resource.ProcessingFilter.doFilter(ProcessingFilter.groovy:39)
  at org.apache.catalina.core.ApplicationFilterChain.internalDoFilter(ApplicationFilterChain.java:243)
  at org.apache.catalina.core.ApplicationFilterChain.doFilter(ApplicationFilterChain.java:210)
  at org.springframework.web.filter.CharacterEncodingFilter.doFilterInternal(CharacterEncodingFilter.java:88)
  at org.springframework.web.filter.OncePerRequestFilter.doFilter(OncePerRequestFilter.java:76)
  at org.springframework.web.filter.DelegatingFilterProxy.invokeDelegate(DelegatingFilterProxy.java:346)
  at org.springframework.web.filter.DelegatingFilterProxy.doFilter(DelegatingFilterProxy.java:259)
  at org.apache.catalina.core.ApplicationFilterChain.internalDoFilter(ApplicationFilterChain.java:243)
  at org.apache.catalina.core.ApplicationFilterChain.doFilter(ApplicationFilterChain.java:210)
  at org.apache.catalina.core.StandardWrapperValve.invoke(StandardWrapperValve.java:222)
  at org.apache.catalina.core.StandardContextValve.invoke(StandardContextValve.java:123)
  at org.apache.catalina.core.StandardHostValve.invoke(StandardHostValve.java:171)
  at org.apache.catalina.valves.ErrorReportValve.invoke(ErrorReportValve.java:99)
  at org.apache.catalina.core.StandardEngineValve.invoke(StandardEngineValve.java:118)
  at org.apache.catalina.connector.CoyoteAdapter.service(CoyoteAdapter.java:408)
  at org.apache.coyote.http11.AbstractHttp11Processor.process(AbstractHttp11Processor.java:1023)
  at org.apache.coyote.AbstractProtocol$AbstractConnectionHandler.process(AbstractProtocol.java:589)
  at org.apache.tomcat.util.net.JIoEndpoint$SocketProcessor.run(JIoEndpoint.java:310)
  at java.util.concurrent.ThreadPoolExecutor.runWorker(ThreadPoolExecutor.java:1145)
  at java.util.concurrent.ThreadPoolExecutor$Worker.run(ThreadPoolExecutor.java:615)
  at java.lang.Thread.run(Thread.java:745)
[/catalogo-servicios].[default] Servlet.service() for servlet [default] in context with path [/catalogo-servicios] threw exception
java.io.FileNotFoundException: /home/daniel/.grails/2.2.4/projects/catalogo-servicios/tomcat/work/Tomcat/localhost/catalogo-servicios/grails-resources/images/logo_salud.png (No existe el archivo o el directorio)
  at java.io.FileInputStream.open(Native Method)
  at java.io.FileInputStream.<init>(FileInputStream.java:146)
  at org.codehaus.groovy.runtime.ResourceGroovyMethods.newInputStream(ResourceGroovyMethods.java:1811)
  at org.codehaus.groovy.runtime.dgm$795.invoke(Unknown Source)
  at org.codehaus.groovy.runtime.callsite.PojoMetaMethodSite$PojoMetaMethodSiteNoUnwrapNoCoerce.invoke(PojoMetaMethodSite.java:271)
  at org.codehaus.groovy.runtime.callsite.PojoMetaMethodSite.call(PojoMetaMethodSite.java:53)
  at org.codehaus.groovy.runtime.callsite.AbstractCallSite.call(AbstractCallSite.java:112)
  at org.grails.plugin.resource.ResourceMeta.newInputStream(ResourceMeta.groovy:209)
  at org.grails.plugin.resource.ResourceMeta$newInputStream.call(Unknown Source)
  at org.codehaus.groovy.runtime.callsite.CallSiteArray.defaultCall(CallSiteArray.java:45)
  at org.grails.plugin.resource.ResourceMeta$newInputStream.call(Unknown Source)
  at org.grails.plugin.resource.ResourceProcessor.processModernResource(ResourceProcessor.groovy:292)
  at org.grails.plugin.resource.ResourceProcessor$processModernResource$0.call(Unknown Source)
  at org.grails.plugin.resource.ProcessingFilter.doFilter(ProcessingFilter.groovy:39)
  at org.apache.catalina.core.ApplicationFilterChain.internalDoFilter(ApplicationFilterChain.java:243)
  at org.apache.catalina.core.ApplicationFilterChain.doFilter(ApplicationFilterChain.java:210)
  at org.springframework.web.filter.CharacterEncodingFilter.doFilterInternal(CharacterEncodingFilter.java:88)
  at org.springframework.web.filter.OncePerRequestFilter.doFilter(OncePerRequestFilter.java:76)
  at org.springframework.web.filter.DelegatingFilterProxy.invokeDelegate(DelegatingFilterProxy.java:346)
  at org.springframework.web.filter.DelegatingFilterProxy.doFilter(DelegatingFilterProxy.java:259)
  at org.apache.catalina.core.ApplicationFilterChain.internalDoFilter(ApplicationFilterChain.java:243)
  at org.apache.catalina.core.ApplicationFilterChain.doFilter(ApplicationFilterChain.java:210)
  at org.apache.catalina.core.StandardWrapperValve.invoke(StandardWrapperValve.java:222)
  at org.apache.catalina.core.StandardContextValve.invoke(StandardContextValve.java:123)
  at org.apache.catalina.core.StandardHostValve.invoke(StandardHostValve.java:171)
  at org.apache.catalina.valves.ErrorReportValve.invoke(ErrorReportValve.java:99)
  at org.apache.catalina.core.StandardEngineValve.invoke(StandardEngineValve.java:118)
  at org.apache.catalina.connector.CoyoteAdapter.service(CoyoteAdapter.java:408)
  at org.apache.coyote.http11.AbstractHttp11Processor.process(AbstractHttp11Processor.java:1023)
  at org.apache.coyote.AbstractProtocol$AbstractConnectionHandler.process(AbstractProtocol.java:589)
  at org.apache.tomcat.util.net.JIoEndpoint$SocketProcessor.run(JIoEndpoint.java:310)
  at java.util.concurrent.ThreadPoolExecutor.runWorker(ThreadPoolExecutor.java:1145)
  at java.util.concurrent.ThreadPoolExecutor$Worker.run(ThreadPoolExecutor.java:615)
  at java.lang.Thread.run(Thread.java:745)
[/catalogo-servicios].[default] Servlet.service() for servlet [default] in context with path [/catalogo-servicios] threw exception
java.io.FileNotFoundException: /home/daniel/.grails/2.2.4/projects/catalogo-servicios/tomcat/work/Tomcat/localhost/catalogo-servicios/grails-resources/images/logo_INR.gif (No existe el archivo o el directorio)
  at java.io.FileInputStream.open(Native Method)
  at java.io.FileInputStream.<init>(FileInputStream.java:146)
  at org.codehaus.groovy.runtime.ResourceGroovyMethods.newInputStream(ResourceGroovyMethods.java:1811)
  at org.codehaus.groovy.runtime.dgm$795.invoke(Unknown Source)
  at org.codehaus.groovy.runtime.callsite.PojoMetaMethodSite$PojoMetaMethodSiteNoUnwrapNoCoerce.invoke(PojoMetaMethodSite.java:271)
  at org.codehaus.groovy.runtime.callsite.PojoMetaMethodSite.call(PojoMetaMethodSite.java:53)
  at org.codehaus.groovy.runtime.callsite.AbstractCallSite.call(AbstractCallSite.java:112)
  at org.grails.plugin.resource.ResourceMeta.newInputStream(ResourceMeta.groovy:209)
  at org.grails.plugin.resource.ResourceMeta$newInputStream.call(Unknown Source)
  at org.codehaus.groovy.runtime.callsite.CallSiteArray.defaultCall(CallSiteArray.java:45)
  at org.grails.plugin.resource.ResourceMeta$newInputStream.call(Unknown Source)
  at org.grails.plugin.resource.ResourceProcessor.processModernResource(ResourceProcessor.groovy:292)
  at org.grails.plugin.resource.ResourceProcessor$processModernResource$0.call(Unknown Source)
  at org.grails.plugin.resource.ProcessingFilter.doFilter(ProcessingFilter.groovy:39)
  at org.apache.catalina.core.ApplicationFilterChain.internalDoFilter(ApplicationFilterChain.java:243)
  at org.apache.catalina.core.ApplicationFilterChain.doFilter(ApplicationFilterChain.java:210)
  at org.springframework.web.filter.CharacterEncodingFilter.doFilterInternal(CharacterEncodingFilter.java:88)
  at org.springframework.web.filter.OncePerRequestFilter.doFilter(OncePerRequestFilter.java:76)
  at org.springframework.web.filter.DelegatingFilterProxy.invokeDelegate(DelegatingFilterProxy.java:346)
  at org.springframework.web.filter.DelegatingFilterProxy.doFilter(DelegatingFilterProxy.java:259)
  at org.apache.catalina.core.ApplicationFilterChain.internalDoFilter(ApplicationFilterChain.java:243)
  at org.apache.catalina.core.ApplicationFilterChain.doFilter(ApplicationFilterChain.java:210)
  at org.apache.catalina.core.StandardWrapperValve.invoke(StandardWrapperValve.java:222)
  at org.apache.catalina.core.StandardContextValve.invoke(StandardContextValve.java:123)
  at org.apache.catalina.core.StandardHostValve.invoke(StandardHostValve.java:171)
  at org.apache.catalina.valves.ErrorReportValve.invoke(ErrorReportValve.java:99)
  at org.apache.catalina.core.StandardEngineValve.invoke(StandardEngineValve.java:118)
  at org.apache.catalina.connector.CoyoteAdapter.service(CoyoteAdapter.java:408)
  at org.apache.coyote.http11.AbstractHttp11Processor.process(AbstractHttp11Processor.java:1023)
  at org.apache.coyote.AbstractProtocol$AbstractConnectionHandler.process(AbstractProtocol.java:589)
  at org.apache.tomcat.util.net.JIoEndpoint$SocketProcessor.run(JIoEndpoint.java:310)
  at java.util.concurrent.ThreadPoolExecutor.runWorker(ThreadPoolExecutor.java:1145)
  at java.util.concurrent.ThreadPoolExecutor$Worker.run(ThreadPoolExecutor.java:615)
  at java.lang.Thread.run(Thread.java:745)
